<?xml version="1.0" encoding="UTF-8"?>
<!-- Generated by org.testng.reporters.JUnitReportReporter -->
<testsuite hostname="DESKTOP-EJ3PRCQ" failures="0" tests="1" name="PPP" time="17.762" errors="0" timestamp="2022-10-19T15:54:56 IST" skipped="0">
  <testcase classname="PPP" name="tc9" time="17.762"/>
  <system-out/>
</testsuite> <!-- PPP -->
