<?xml version="1.0" encoding="UTF-8"?>
<!-- Generated by org.testng.reporters.JUnitReportReporter -->
<testsuite hostname="DESKTOP-EJ3PRCQ" failures="0" tests="1" name="TarcScreenshot" time="9.588" errors="0" timestamp="2022-10-03T18:02:46 IST" skipped="0">
  <testcase classname="TarcScreenshot" name="tc1" time="9.588"/>
  <system-out/>
</testsuite> <!-- TarcScreenshot -->
