<?xml version="1.0" encoding="UTF-8"?>
<!-- Generated by org.testng.reporters.JUnitReportReporter -->
<testsuite hostname="DESKTOP-EJ3PRCQ" failures="0" tests="1" name="Incognitoo" time="7.493" errors="0" timestamp="2022-10-28T15:53:22 IST" skipped="0">
  <testcase classname="Incognitoo" name="tc1" time="7.493"/>
  <system-out/>
</testsuite> <!-- Incognitoo -->
