<?xml version="1.0" encoding="UTF-8"?>
<!-- Generated by org.testng.reporters.JUnitReportReporter -->
<testsuite hostname="DESKTOP-EJ3PRCQ" failures="0" tests="1" name="practice" time="35.656" errors="0" timestamp="2022-10-17T15:39:08 IST" skipped="0">
  <testcase classname="practice" name="testcase" time="35.656"/>
  <system-out/>
</testsuite> <!-- practice -->
