<?xml version="1.0" encoding="UTF-8"?>
<!-- Generated by org.testng.reporters.JUnitReportReporter -->
<testsuite hostname="DESKTOP-EJ3PRCQ" failures="0" tests="1" name="dragDropw3" time="7.434" errors="0" timestamp="2022-09-30T15:28:37 IST" skipped="0">
  <testcase classname="dragDropw3" name="tc" time="7.434"/>
  <system-out/>
</testsuite> <!-- dragDropw3 -->
