<?xml version="1.0" encoding="UTF-8"?>
<!-- Generated by org.testng.reporters.JUnitReportReporter -->
<testsuite hostname="DESKTOP-EJ3PRCQ" failures="0" tests="1" name="DDropSS" time="10.331" errors="0" timestamp="2022-10-12T15:47:13 IST" skipped="0">
  <testcase classname="DDropSS" name="tc1" time="10.331"/>
  <system-out/>
</testsuite> <!-- DDropSS -->
