<?xml version="1.0" encoding="UTF-8"?>
<!-- Generated by org.testng.reporters.JUnitReportReporter -->
<testsuite hostname="DESKTOP-EJ3PRCQ" failures="0" tests="1" name="YoutubeScreenShot" time="10.787" errors="0" timestamp="2022-09-29T16:43:30 IST" skipped="0">
  <testcase classname="YoutubeScreenShot" name="tc1" time="10.787"/>
  <system-out/>
</testsuite> <!-- YoutubeScreenShot -->
