<?xml version="1.0" encoding="UTF-8"?>
<!-- Generated by org.testng.reporters.JUnitReportReporter -->
<testsuite hostname="DESKTOP-EJ3PRCQ" failures="0" tests="1" name="chromeoption" time="10.313" errors="0" timestamp="2022-10-27T16:00:42 IST" skipped="0">
  <testcase classname="chromeoption" name="tc" time="10.313"/>
  <system-out/>
</testsuite> <!-- chromeoption -->
