<?xml version="1.0" encoding="UTF-8"?>
<!-- Generated by org.testng.reporters.JUnitReportReporter -->
<testsuite hostname="DESKTOP-EJ3PRCQ" failures="0" tests="1" name="TestCases.testcase1" time="0.005" errors="0" timestamp="2022-09-30T12:33:58 IST" skipped="0">
  <testcase classname="TestCases.testcase1" name="tc1" time="0.005"/>
  <system-out/>
</testsuite> <!-- TestCases.testcase1 -->
