<?xml version="1.0" encoding="UTF-8"?>
<!-- Generated by org.testng.reporters.JUnitReportReporter -->
<testsuite hostname="DESKTOP-EJ3PRCQ" failures="0" tests="1" name="PP" time="12.533" errors="0" timestamp="2022-10-20T12:20:20 IST" skipped="0">
  <testcase classname="PP" name="tc" time="12.533"/>
  <system-out/>
</testsuite> <!-- PP -->
