<?xml version="1.0" encoding="UTF-8"?>
<!-- Generated by org.testng.reporters.JUnitReportReporter -->
<testsuite hostname="DESKTOP-EJ3PRCQ" failures="0" tests="9" name="practice_711" time="107.972" errors="0" timestamp="2022-11-08T19:10:42 IST" skipped="0">
  <testcase classname="practice_711" name="tc2" time="16.474"/>
  <system-out/>
  <testcase classname="practice_711" name="tc3" time="9.214"/>
  <system-out/>
  <testcase classname="practice_711" name="tc4" time="9.181"/>
  <system-out/>
  <testcase classname="practice_711" name="tc8" time="13.855"/>
  <system-out/>
  <testcase classname="practice_711" name="tc9" time="5.839"/>
  <system-out/>
  <testcase classname="practice_711" name="tc6" time="16.720"/>
  <system-out/>
  <testcase classname="practice_711" name="tc1" time="11.357"/>
  <system-out/>
  <testcase classname="practice_711" name="tc7" time="13.819"/>
  <system-out/>
  <testcase classname="practice_711" name="tc5" time="11.513"/>
  <system-out/>
</testsuite> <!-- practice_711 -->
