<?xml version="1.0" encoding="UTF-8"?>
<!-- Generated by org.testng.reporters.JUnitReportReporter -->
<testsuite hostname="DESKTOP-EJ3PRCQ" failures="0" tests="3" name="alertInternetHerokupp" time="6.344" errors="0" timestamp="2022-09-22T12:29:41 IST" skipped="2">
  <testcase classname="alertInternetHerokupp" name="tc3" time="6.344"/>
  <system-out/>
  <testcase classname="alertInternetHerokupp" name="tc2">
    <skipped/>
  </testcase> <!-- tc2 -->
  <system-out/>
  <testcase classname="alertInternetHerokupp" name="tc1">
    <skipped/>
  </testcase> <!-- tc1 -->
  <system-out/>
</testsuite> <!-- alertInternetHerokupp -->
