<?xml version="1.0" encoding="UTF-8"?>
<!-- Generated by org.testng.reporters.JUnitReportReporter -->
<testsuite hostname="DESKTOP-EJ3PRCQ" failures="0" tests="1" name="checkBox" time="3.342" errors="0" timestamp="2022-09-22T23:50:13 IST" skipped="0">
  <testcase classname="checkBox" name="tc1" time="3.342"/>
  <system-out/>
</testsuite> <!-- checkBox -->
