<?xml version="1.0" encoding="UTF-8"?>
<!-- Generated by org.testng.reporters.JUnitReportReporter -->
<testsuite hostname="DESKTOP-EJ3PRCQ" failures="0" tests="1" name="NewClasss" time="8.717" errors="0" timestamp="2022-11-15T16:59:09 IST" skipped="0">
  <testcase classname="NewClasss" name="tc2" time="8.717"/>
  <system-out/>
</testsuite> <!-- NewClasss -->
