<?xml version="1.0" encoding="UTF-8"?>
<!-- Generated by org.testng.reporters.JUnitReportReporter -->
<testsuite hostname="DESKTOP-EJ3PRCQ" failures="0" tests="1" name="drdpScreenst" time="7.920" errors="0" timestamp="2022-10-06T14:43:31 IST" skipped="0">
  <testcase classname="drdpScreenst" name="tc1" time="7.920"/>
  <system-out/>
</testsuite> <!-- drdpScreenst -->
