<?xml version="1.0" encoding="UTF-8"?>
<!-- Generated by org.testng.reporters.JUnitReportReporter -->
<testsuite hostname="DESKTOP-EJ3PRCQ" failures="0" tests="1" name="newtesttt" time="24.739" errors="0" timestamp="2022-11-03T17:15:58 IST" skipped="0">
  <testcase classname="newtesttt" name="tc2" time="24.739"/>
  <system-out/>
</testsuite> <!-- newtesttt -->
