<?xml version="1.0" encoding="UTF-8"?>
<!-- Generated by org.testng.reporters.JUnitReportReporter -->
<testsuite hostname="DESKTOP-EJ3PRCQ" failures="0" tests="1" name="simpleRR" time="28.393" errors="0" timestamp="2022-11-10T12:03:16 IST" skipped="0">
  <testcase classname="simpleRR" name="tc1" time="28.393"/>
  <system-out/>
</testsuite> <!-- simpleRR -->
