<?xml version="1.0" encoding="UTF-8"?>
<!-- Generated by org.testng.reporters.JUnitReportReporter -->
<testsuite hostname="DESKTOP-EJ3PRCQ" failures="0" tests="1" name="TestCases.testcase2" time="0.003" errors="0" timestamp="2022-09-30T12:33:58 IST" skipped="0">
  <testcase classname="TestCases.testcase2" name="tc2" time="0.003"/>
  <system-out/>
</testsuite> <!-- TestCases.testcase2 -->
