<?xml version="1.0" encoding="UTF-8"?>
<!-- Generated by org.testng.reporters.JUnitReportReporter -->
<testsuite hostname="DESKTOP-EJ3PRCQ" failures="0" tests="1" name="RahulShetty" time="14.405" errors="0" timestamp="2022-11-04T17:45:01 IST" skipped="0">
  <testcase classname="RahulShetty" name="tc3" time="14.405"/>
  <system-out/>
</testsuite> <!-- RahulShetty -->
