<?xml version="1.0" encoding="UTF-8"?>
<!-- Generated by org.testng.reporters.JUnitReportReporter -->
<testsuite hostname="DESKTOP-EJ3PRCQ" failures="0" tests="2" name="alert" time="2.093" errors="0" timestamp="2022-09-21T16:53:15 IST" skipped="1">
  <testcase classname="alert" name="tc2" time="2.093"/>
  <system-out/>
  <testcase classname="alert" name="tc1">
    <skipped/>
  </testcase> <!-- tc1 -->
  <system-out/>
</testsuite> <!-- alert -->
