<?xml version="1.0" encoding="UTF-8"?>
<!-- Generated by org.testng.reporters.JUnitReportReporter -->
<testsuite hostname="DESKTOP-EJ3PRCQ" failures="0" tests="1" name="srcollDown" time="37.096" errors="0" timestamp="2022-10-16T20:04:24 IST" skipped="0">
  <testcase classname="srcollDown" name="tc1" time="37.096"/>
  <system-out/>
</testsuite> <!-- srcollDown -->
