<?xml version="1.0" encoding="UTF-8"?>
<!-- Generated by org.testng.reporters.JUnitReportReporter -->
<testsuite hostname="DESKTOP-EJ3PRCQ" failures="0" tests="1" name="SampleTest" time="8.450" errors="0" timestamp="2022-09-03T22:27:48 IST" skipped="0">
  <testcase classname="SampleTest" name="TestCase2" time="8.450"/>
  <system-out/>
</testsuite> <!-- SampleTest -->
