<?xml version="1.0" encoding="UTF-8"?>
<!-- Generated by org.testng.reporters.JUnitReportReporter -->
<testsuite hostname="DESKTOP-EJ3PRCQ" failures="0" tests="1" name="myntraScreenshot" time="9.023" errors="0" timestamp="2022-10-06T13:57:35 IST" skipped="0">
  <testcase classname="myntraScreenshot" name="tc1" time="9.023"/>
  <system-out/>
</testsuite> <!-- myntraScreenshot -->
