<?xml version="1.0" encoding="UTF-8"?>
<!-- Generated by org.testng.reporters.JUnitReportReporter -->
<testsuite hostname="DESKTOP-EJ3PRCQ" failures="0" tests="1" name="youtScreenshot" time="13.556" errors="0" timestamp="2022-10-12T15:29:31 IST" skipped="0">
  <testcase classname="youtScreenshot" name="tc1" time="13.556"/>
  <system-out/>
</testsuite> <!-- youtScreenshot -->
