<?xml version="1.0" encoding="UTF-8"?>
<!-- Generated by org.testng.reporters.JUnitReportReporter -->
<testsuite hostname="DESKTOP-EJ3PRCQ" failures="0" tests="1" name="EurekaScreenshot" time="9.940" errors="0" timestamp="2022-09-30T12:18:41 IST" skipped="0">
  <testcase classname="EurekaScreenshot" name="tc1" time="9.940"/>
  <system-out/>
</testsuite> <!-- EurekaScreenshot -->
