<?xml version="1.0" encoding="UTF-8"?>
<!-- Generated by org.testng.reporters.JUnitReportReporter -->
<testsuite hostname="DESKTOP-EJ3PRCQ" failures="0" tests="1" name="TakeScreen" time="0.214" errors="0" timestamp="2022-09-26T17:18:03 IST" skipped="0">
  <testcase classname="TakeScreen" name="details" time="0.214"/>
  <system-out/>
</testsuite> <!-- TakeScreen -->
