<?xml version="1.0" encoding="UTF-8"?>
<!-- Generated by org.testng.reporters.JUnitReportReporter -->
<testsuite hostname="DESKTOP-EJ3PRCQ" failures="0" tests="1" name="newTest" time="24.653" errors="0" timestamp="2022-11-01T17:38:01 IST" skipped="0">
  <testcase classname="newTest" name="tc5" time="24.653"/>
  <system-out/>
</testsuite> <!-- newTest -->
