<?xml version="1.0" encoding="UTF-8"?>
<!-- Generated by org.testng.reporters.JUnitReportReporter -->
<testsuite hostname="DESKTOP-EJ3PRCQ" failures="0" tests="1" name="actionss" time="33.438" errors="0" timestamp="2022-10-27T15:30:55 IST" skipped="0">
  <testcase classname="actionss" name="tc1" time="33.438"/>
  <system-out/>
</testsuite> <!-- actionss -->
