<?xml version="1.0" encoding="UTF-8"?>
<!-- Generated by org.testng.reporters.JUnitReportReporter -->
<testsuite hostname="DESKTOP-EJ3PRCQ" failures="0" tests="1" name="dragDrop" time="4.782" errors="0" timestamp="2022-09-30T15:11:23 IST" skipped="0">
  <testcase classname="dragDrop" name="tc1" time="4.782"/>
  <system-out/>
</testsuite> <!-- dragDrop -->
