<?xml version="1.0" encoding="UTF-8"?>
<!-- Generated by org.testng.reporters.JUnitReportReporter -->
<testsuite hostname="DESKTOP-EJ3PRCQ" failures="0" tests="2" name="AlertPopup" time="9.783" errors="0" timestamp="2022-10-12T22:50:19 IST" skipped="1">
  <testcase classname="AlertPopup" name="tc2" time="9.783"/>
  <system-out/>
  <testcase classname="AlertPopup" name="tc1">
    <skipped/>
  </testcase> <!-- tc1 -->
  <system-out/>
</testsuite> <!-- AlertPopup -->
